<?xml version="1.0" encoding="UTF-8"?>
<!-- Generated by org.testng.reporters.JUnitXMLReporter -->
<testsuite ignored="9" hostname="DESKTOP-9BN1Q89" failures="1" tests="6" name="Test" time="60.561" errors="0" timestamp="2023-04-14T19:02:35 IST">
  <testcase classname="greenKart_TestCases.gk_Oem_Test" name="title_logo_Verification_Test" time="0.184"/>
  <testcase classname="greenKart_TestCases.gk_Oem_Test" name="increase_Decrease_Veg" time="1.103"/>
  <testcase classname="greenKart_TestCases.gk_Order_Vegetable_Test" name="gk_Vegetable_Order" time="13.94"/>
  <testcase classname="greenKart_TestCases.gk_Order_Vegetable_Test" name="gk_Invalid_Code" time="1.0">
    <failure type="org.openqa.selenium.StaleElementReferenceException" message="stale element reference: element is not attached to the page document
  (Session info: chrome=112.0.5615.86)
For documentation on this error, please visit: https://selenium.dev/exceptions/#stale_element_reference
Build info: version: &amp;apos;4.6.0&amp;apos;, revision: &amp;apos;79f1c02ae20&amp;apos;
System info: os.name: &amp;apos;Windows 11&amp;apos;, os.arch: &amp;apos;amd64&amp;apos;, os.version: &amp;apos;10.0&amp;apos;, java.version: &amp;apos;19.0.1&amp;apos;
Driver info: org.openqa.selenium.chrome.ChromeDriver
Command: [b5f100e5a98b07eae81de6f40ff837d6, isElementDisplayed {id=0be06134-b66b-4137-9e20-f770024a95ed}]
Capabilities {acceptInsecureCerts: false, browserName: chrome, browserVersion: 112.0.5615.86, chrome: {chromedriverVersion: 112.0.5615.49 (bd2a7bcb881c..., userDataDir: C:\Users\Admin\AppData\Loca...}, goog:chromeOptions: {debuggerAddress: localhost:59743}, networkConnectionEnabled: false, pageLoadStrategy: normal, platformName: WINDOWS, proxy: Proxy(), se:cdp: ws://localhost:59743/devtoo..., se:cdpVersion: 112.0.5615.86, setWindowRect: true, strictFileInteractability: false, timeouts: {implicit: 0, pageLoad: 300000, script: 30000}, unhandledPromptBehavior: dismiss and notify, webauthn:extension:credBlob: true, webauthn:extension:largeBlob: true, webauthn:extension:minPinLength: true, webauthn:extension:prf: true, webauthn:virtualAuthenticators: true}
Element: [[ChromeDriver: chrome on WINDOWS (b5f100e5a98b07eae81de6f40ff837d6)] -&amp;gt; xpath: //button[normalize-space()=&amp;apos;ADD TO CART&amp;apos;]]
Session ID: b5f100e5a98b07eae81de6f40ff837d6">
      <![CDATA[org.openqa.selenium.StaleElementReferenceException: stale element reference: element is not attached to the page document
  (Session info: chrome=112.0.5615.86)
For documentation on this error, please visit: https://selenium.dev/exceptions/#stale_element_reference
Build info: version: '4.6.0', revision: '79f1c02ae20'
System info: os.name: 'Windows 11', os.arch: 'amd64', os.version: '10.0', java.version: '19.0.1'
Driver info: org.openqa.selenium.chrome.ChromeDriver
Command: [b5f100e5a98b07eae81de6f40ff837d6, isElementDisplayed {id=0be06134-b66b-4137-9e20-f770024a95ed}]
Capabilities {acceptInsecureCerts: false, browserName: chrome, browserVersion: 112.0.5615.86, chrome: {chromedriverVersion: 112.0.5615.49 (bd2a7bcb881c..., userDataDir: C:\Users\Admin\AppData\Loca...}, goog:chromeOptions: {debuggerAddress: localhost:59743}, networkConnectionEnabled: false, pageLoadStrategy: normal, platformName: WINDOWS, proxy: Proxy(), se:cdp: ws://localhost:59743/devtoo..., se:cdpVersion: 112.0.5615.86, setWindowRect: true, strictFileInteractability: false, timeouts: {implicit: 0, pageLoad: 300000, script: 30000}, unhandledPromptBehavior: dismiss and notify, webauthn:extension:credBlob: true, webauthn:extension:largeBlob: true, webauthn:extension:minPinLength: true, webauthn:extension:prf: true, webauthn:virtualAuthenticators: true}
Element: [[ChromeDriver: chrome on WINDOWS (b5f100e5a98b07eae81de6f40ff837d6)] -> xpath: //button[normalize-space()='ADD TO CART']]
Session ID: b5f100e5a98b07eae81de6f40ff837d6
at org.openqa.selenium.remote.codec.w3c.W3CHttpResponseCodec.createException(W3CHttpResponseCodec.java:200)
at org.openqa.selenium.remote.codec.w3c.W3CHttpResponseCodec.decode(W3CHttpResponseCodec.java:133)
at org.openqa.selenium.remote.codec.w3c.W3CHttpResponseCodec.decode(W3CHttpResponseCodec.java:53)
at org.openqa.selenium.remote.HttpCommandExecutor.execute(HttpCommandExecutor.java:184)
at org.openqa.selenium.remote.service.DriverCommandExecutor.invokeExecute(DriverCommandExecutor.java:167)
at org.openqa.selenium.remote.service.DriverCommandExecutor.execute(DriverCommandExecutor.java:142)
at org.openqa.selenium.remote.RemoteWebDriver.execute(RemoteWebDriver.java:541)
at org.openqa.selenium.remote.RemoteWebElement.execute(RemoteWebElement.java:257)
at org.openqa.selenium.remote.RemoteWebElement.isDisplayed(RemoteWebElement.java:313)
at org.openqa.selenium.support.pagefactory.internal.LocatingElementHandler.invoke(LocatingElementHandler.java:52)
at jdk.proxy2/jdk.proxy2.$Proxy18.isDisplayed(Unknown Source)
at org.openqa.selenium.support.ui.ExpectedConditions.elementIfVisible(ExpectedConditions.java:307)
at org.openqa.selenium.support.ui.ExpectedConditions.access$000(ExpectedConditions.java:40)
at org.openqa.selenium.support.ui.ExpectedConditions$10.apply(ExpectedConditions.java:293)
at org.openqa.selenium.support.ui.ExpectedConditions$10.apply(ExpectedConditions.java:290)
at org.openqa.selenium.support.ui.ExpectedConditions$23.apply(ExpectedConditions.java:660)
at org.openqa.selenium.support.ui.ExpectedConditions$23.apply(ExpectedConditions.java:656)
at org.openqa.selenium.support.ui.FluentWait.until(FluentWait.java:208)
at greenKart_Pages.page_Utility.waitForElementClickable(page_Utility.java:30)
at greenKart_Pages.gk_HomePage.search_Veg(gk_HomePage.java:111)
at greenKart_TestCases.gk_Order_Vegetable_Test.gk_Invalid_Code(gk_Order_Vegetable_Test.java:48)
at java.base/java.util.concurrent.ThreadPoolExecutor.runWorker(ThreadPoolExecutor.java:1144)
at java.base/java.util.concurrent.ThreadPoolExecutor$Worker.run(ThreadPoolExecutor.java:642)
at java.base/java.lang.Thread.run(Thread.java:1589)
... Removed 15 stack frames]]>
    </failure>
  </testcase> <!-- gk_Invalid_Code -->
  <testcase classname="greenKart_TestCases.gk_Top_Deal_Test" name="verify_Open_Topdeal" time="1.322"/>
  <testcase classname="greenKart_TestCases.gk_Top_Deal_Test" name="verify_Last_Button_Functionality" time="1.483"/>
  <testcase classname="greenKart_TestCases.gk_Top_Deal_Test" name="verify_Vegtable_Asending_Order" time="0.0">
    <ignored/>
  </testcase> <!-- verify_Vegtable_Asending_Order -->
  <testcase classname="greenKart_TestCases.gk_Oem_Test" name="click_On_Cart_Icon_Without_Adding_Veg" time="0.0">
    <ignored/>
  </testcase> <!-- click_On_Cart_Icon_Without_Adding_Veg -->
  <testcase classname="greenKart_TestCases.gk_Top_Deal_Test" name="verify_Search_Box_With_validData" time="0.0">
    <ignored/>
  </testcase> <!-- verify_Search_Box_With_validData -->
  <testcase classname="greenKart_TestCases.gk_Order_Vegetable_Test" name="gk_add_Multiple_vegetable_to_Cart" time="0.0">
    <ignored/>
  </testcase> <!-- gk_add_Multiple_vegetable_to_Cart -->
  <testcase classname="greenKart_TestCases.gk_Order_Vegetable_Test" name="gk_searchVegetable_Order" time="0.0">
    <ignored/>
  </testcase> <!-- gk_searchVegetable_Order -->
  <testcase classname="greenKart_TestCases.gk_Top_Deal_Test" name="verify_Search_Box_With_InvalidData" time="0.0">
    <ignored/>
  </testcase> <!-- verify_Search_Box_With_InvalidData -->
  <testcase classname="greenKart_TestCases.gk_Top_Deal_Test" name="verify_Page_Menu" time="0.0">
    <ignored/>
  </testcase> <!-- verify_Page_Menu -->
  <testcase classname="greenKart_TestCases.gk_Top_Deal_Test" name="verify_Vegtable_desending_Order" time="0.0">
    <ignored/>
  </testcase> <!-- verify_Vegtable_desending_Order -->
  <testcase classname="greenKart_TestCases.gk_Order_Vegetable_Test" name="gk_add_one_vegetable_to_Cart" time="0.0">
    <ignored/>
  </testcase> <!-- gk_add_one_vegetable_to_Cart -->
</testsuite> <!-- Test -->
